h:\gitprogrammingfour\in628philas1\shiningdawn\shiningdawn\debug\vc120.pdb
h:\gitprogrammingfour\in628philas1\shiningdawn\shiningdawn\debug\tilemap.obj
h:\gitprogrammingfour\in628philas1\shiningdawn\shiningdawn\debug\tilelist.obj
h:\gitprogrammingfour\in628philas1\shiningdawn\shiningdawn\debug\tile.obj
h:\gitprogrammingfour\in628philas1\shiningdawn\shiningdawn\debug\spritelist.obj
h:\gitprogrammingfour\in628philas1\shiningdawn\shiningdawn\debug\sprite.obj
h:\gitprogrammingfour\in628philas1\shiningdawn\shiningdawn\debug\mainform.obj
h:\gitprogrammingfour\in628philas1\shiningdawn\shiningdawn\debug\.netframework,version=v4.5.assemblyattributes.obj
h:\gitprogrammingfour\in628philas1\shiningdawn\debug\shiningdawn.exe
h:\gitprogrammingfour\in628philas1\shiningdawn\debug\shiningdawn.pdb
h:\gitprogrammingfour\in628philas1\shiningdawn\shiningdawn\debug\shiningdawn.mainform.resources
h:\gitprogrammingfour\in628philas1\shiningdawn\shiningdawn\debug\shiningdawn.vcxproj.generateresource.cache
h:\gitprogrammingfour\in628philas1\shiningdawn\shiningdawn\debug\shiningdawn.vcxprojresolveassemblyreference.cache
h:\gitprogrammingfour\in628philas1\shiningdawn\shiningdawn\debug\shiningdawn.tlog\cl.command.1.tlog
h:\gitprogrammingfour\in628philas1\shiningdawn\shiningdawn\debug\shiningdawn.tlog\cl.read.1.tlog
h:\gitprogrammingfour\in628philas1\shiningdawn\shiningdawn\debug\shiningdawn.tlog\cl.write.1.tlog
h:\gitprogrammingfour\in628philas1\shiningdawn\shiningdawn\debug\shiningdawn.tlog\link.command.1.tlog
h:\gitprogrammingfour\in628philas1\shiningdawn\shiningdawn\debug\shiningdawn.tlog\link.read.1.tlog
h:\gitprogrammingfour\in628philas1\shiningdawn\shiningdawn\debug\shiningdawn.tlog\link.write.1.tlog
h:\gitprogrammingfour\in628philas1\shiningdawn\shiningdawn\debug\shiningdawn.tlog\metagen.read.1.tlog
h:\gitprogrammingfour\in628philas1\shiningdawn\shiningdawn\debug\shiningdawn.tlog\metagen.write.1.tlog
h:\gitprogrammingfour\in628philas1\shiningdawn\shiningdawn\debug\shiningdawn.tlog\shiningdawn.write.1u.tlog
h:\gitprogrammingfour\in628philas1\shiningdawn\shiningdawn\debug\shiningdawn.tlog\rsaenh.dll.bi
h:\gitprogrammingfour\in628philas1\shiningdawn\shiningdawn\debug\shiningdawn.tlog\tzres.dll.bi
